# JRE version: OpenJDK Runtime Environment (8.0_152-b01) (build 1.8.0_152-release-915-b01)
# Java VM: OpenJDK 64-Bit Server VM (25.152-b01 mixed mode windows-amd64 compressed oops)
Heap:
 PSYoungGen      total 196608K, used 54901K [0x00000000e0000000, 0x00000000edf00000, 0x0000000100000000)
  eden space 174592K, 18% used [0x00000000e0000000,0x00000000e201df48,0x00000000eaa80000)
  from space 22016K, 99% used [0x00000000eaa80000,0x00000000ebfff4e0,0x00000000ec000000)
  to   space 16384K, 0% used [0x00000000ec000000,0x00000000ec000000,0x00000000ed000000)
 ParOldGen       total 96768K, used 38964K [0x00000000a0000000, 0x00000000a5e80000, 0x00000000e0000000)
  object space 96768K, 40% used [0x00000000a0000000,0x00000000a260d348,0x00000000a5e80000)
 Metaspace       used 56518K, capacity 58600K, committed 58752K, reserved 1099776K
  class space    used 7700K, capacity 8278K, committed 8320K, reserved 1048576K
GC Heap History (10 events):
Event: 20.067 GC heap before
{Heap before GC invocations=9 (full 2):
 PSYoungGen      total 108544K, used 10554K [0x00000000e0000000, 0x00000000ea400000, 0x0000000100000000)
  eden space 97280K, 0% used [0x00000000e0000000,0x00000000e0000000,0x00000000e5f00000)
  from space 11264K, 93% used [0x00000000e5f00000,0x00000000e694eb68,0x00000000e6a00000)
  to   space 12288K, 0% used [0x00000000e9800000,0x00000000e9800000,0x00000000ea400000)
 ParOldGen       total 62976K, used 10618K [0x00000000a0000000, 0x00000000a3d80000, 0x00000000e0000000)
  object space 62976K, 16% used [0x00000000a0000000,0x00000000a0a5e8c0,0x00000000a3d80000)
 Metaspace       used 34556K, capacity 35304K, committed 35416K, reserved 1079296K
  class space    used 4715K, capacity 5034K, committed 5120K, reserved 1048576K
Event: 20.200 GC heap after
Heap after GC invocations=9 (full 2):
 PSYoungGen      total 108544K, used 0K [0x00000000e0000000, 0x00000000ea400000, 0x0000000100000000)
  eden space 97280K, 0% used [0x00000000e0000000,0x00000000e0000000,0x00000000e5f00000)
  from space 11264K, 0% used [0x00000000e5f00000,0x00000000e5f00000,0x00000000e6a00000)
  to   space 12288K, 0% used [0x00000000e9800000,0x00000000e9800000,0x00000000ea400000)
 ParOldGen       total 96768K, used 16594K [0x00000000a0000000, 0x00000000a5e80000, 0x00000000e0000000)
  object space 96768K, 17% used [0x00000000a0000000,0x00000000a1034a48,0x00000000a5e80000)
 Metaspace       used 34556K, capacity 35304K, committed 35416K, reserved 1079296K
  class space    used 4715K, capacity 5034K, committed 5120K, reserved 1048576K
}
Event: 22.711 GC heap before
{Heap before GC invocations=10 (full 2):
 PSYoungGen      total 108544K, used 97280K [0x00000000e0000000, 0x00000000ea400000, 0x0000000100000000)
  eden space 97280K, 100% used [0x00000000e0000000,0x00000000e5f00000,0x00000000e5f00000)
  from space 11264K, 0% used [0x00000000e5f00000,0x00000000e5f00000,0x00000000e6a00000)
  to   space 12288K, 0% used [0x00000000e9800000,0x00000000e9800000,0x00000000ea400000)
 ParOldGen       total 96768K, used 16594K [0x00000000a0000000, 0x00000000a5e80000, 0x00000000e0000000)
  object space 96768K, 17% used [0x00000000a0000000,0x00000000a1034a48,0x00000000a5e80000)
 Metaspace       used 41757K, capacity 42580K, committed 42880K, reserved 1085440K
  class space    used 5585K, capacity 5911K, committed 6016K, reserved 1048576K
Event: 22.745 GC heap after
Heap after GC invocations=10 (full 2):
 PSYoungGen      total 154624K, used 10852K [0x00000000e0000000, 0x00000000ea500000, 0x0000000100000000)
  eden space 142336K, 0% used [0x00000000e0000000,0x00000000e0000000,0x00000000e8b00000)
  from space 12288K, 88% used [0x00000000e9800000,0x00000000ea299188,0x00000000ea400000)
  to   space 13312K, 0% used [0x00000000e8b00000,0x00000000e8b00000,0x00000000e9800000)
 ParOldGen       total 96768K, used 16602K [0x00000000a0000000, 0x00000000a5e80000, 0x00000000e0000000)
  object space 96768K, 17% used [0x00000000a0000000,0x00000000a1036a48,0x00000000a5e80000)
 Metaspace       used 41757K, capacity 42580K, committed 42880K, reserved 1085440K
  class space    used 5585K, capacity 5911K, committed 6016K, reserved 1048576K
}
Event: 26.100 GC heap before
{Heap before GC invocations=11 (full 2):
 PSYoungGen      total 154624K, used 153188K [0x00000000e0000000, 0x00000000ea500000, 0x0000000100000000)
  eden space 142336K, 100% used [0x00000000e0000000,0x00000000e8b00000,0x00000000e8b00000)
  from space 12288K, 88% used [0x00000000e9800000,0x00000000ea299188,0x00000000ea400000)
  to   space 13312K, 0% used [0x00000000e8b00000,0x00000000e8b00000,0x00000000e9800000)
 ParOldGen       total 96768K, used 16602K [0x00000000a0000000, 0x00000000a5e80000, 0x00000000e0000000)
  object space 96768K, 17% used [0x00000000a0000000,0x00000000a1036a88,0x00000000a5e80000)
 Metaspace       used 48924K, capacity 50112K, committed 50304K, reserved 1093632K
  class space    used 6525K, capacity 6944K, committed 7040K, reserved 1048576K
Event: 26.132 GC heap after
Heap after GC invocations=11 (full 2):
 PSYoungGen      total 155648K, used 13286K [0x00000000e0000000, 0x00000000ed000000, 0x0000000100000000)
  eden space 142336K, 0% used [0x00000000e0000000,0x00000000e0000000,0x00000000e8b00000)
  from space 13312K, 99% used [0x00000000e8b00000,0x00000000e97f9840,0x00000000e9800000)
  to   space 16384K, 0% used [0x00000000ec000000,0x00000000ec000000,0x00000000ed000000)
 ParOldGen       total 96768K, used 20238K [0x00000000a0000000, 0x00000000a5e80000, 0x00000000e0000000)
  object space 96768K, 20% used [0x00000000a0000000,0x00000000a13c3b48,0x00000000a5e80000)
 Metaspace       used 48924K, capacity 50112K, committed 50304K, reserved 1093632K
  class space    used 6525K, capacity 6944K, committed 7040K, reserved 1048576K
}
Event: 29.038 GC heap before
{Heap before GC invocations=12 (full 2):
 PSYoungGen      total 155648K, used 155622K [0x00000000e0000000, 0x00000000ed000000, 0x0000000100000000)
  eden space 142336K, 100% used [0x00000000e0000000,0x00000000e8b00000,0x00000000e8b00000)
  from space 13312K, 99% used [0x00000000e8b00000,0x00000000e97f9840,0x00000000e9800000)
  to   space 16384K, 0% used [0x00000000ec000000,0x00000000ec000000,0x00000000ed000000)
 ParOldGen       total 96768K, used 20245K [0x00000000a0000000, 0x00000000a5e80000, 0x00000000e0000000)
  object space 96768K, 20% used [0x00000000a0000000,0x00000000a13c57f8,0x00000000a5e80000)
 Metaspace       used 54214K, capacity 56020K, committed 56064K, reserved 1097728K
  class space    used 7389K, capacity 7907K, committed 7936K, reserved 1048576K
Event: 29.102 GC heap after
Heap after GC invocations=12 (full 2):
 PSYoungGen      total 190976K, used 16381K [0x00000000e0000000, 0x00000000edf00000, 0x0000000100000000)
  eden space 174592K, 0% used [0x00000000e0000000,0x00000000e0000000,0x00000000eaa80000)
  from space 16384K, 99% used [0x00000000ec000000,0x00000000ecfff4e0,0x00000000ed000000)
  to   space 22016K, 0% used [0x00000000eaa80000,0x00000000eaa80000,0x00000000ec000000)
 ParOldGen       total 96768K, used 30744K [0x00000000a0000000, 0x00000000a5e80000, 0x00000000e0000000)
  object space 96768K, 31% used [0x00000000a0000000,0x00000000a1e06208,0x00000000a5e80000)
 Metaspace       used 54214K, capacity 56020K, committed 56064K, reserved 1097728K
  class space    used 7389K, capacity 7907K, committed 7936K, reserved 1048576K
}
Event: 37.522 GC heap before
{Heap before GC invocations=13 (full 2):
 PSYoungGen      total 190976K, used 190973K [0x00000000e0000000, 0x00000000edf00000, 0x0000000100000000)
  eden space 174592K, 100% used [0x00000000e0000000,0x00000000eaa80000,0x00000000eaa80000)
  from space 16384K, 99% used [0x00000000ec000000,0x00000000ecfff4e0,0x00000000ed000000)
  to   space 22016K, 0% used [0x00000000eaa80000,0x00000000eaa80000,0x00000000ec000000)
 ParOldGen       total 96768K, used 30744K [0x00000000a0000000, 0x00000000a5e80000, 0x00000000e0000000)
  object space 96768K, 31% used [0x00000000a0000000,0x00000000a1e06208,0x00000000a5e80000)
 Metaspace       used 56450K, capacity 58584K, committed 58752K, reserved 1099776K
  class space    used 7696K, capacity 8276K, committed 8320K, reserved 1048576K
Event: 37.642 GC heap after
Heap after GC invocations=13 (full 2):
 PSYoungGen      total 196608K, used 22013K [0x00000000e0000000, 0x00000000edf00000, 0x0000000100000000)
  eden space 174592K, 0% used [0x00000000e0000000,0x00000000e0000000,0x00000000eaa80000)
  from space 22016K, 99% used [0x00000000eaa80000,0x00000000ebfff4e0,0x00000000ec000000)
  to   space 16384K, 0% used [0x00000000ec000000,0x00000000ec000000,0x00000000ed000000)
 ParOldGen       total 96768K, used 38964K [0x00000000a0000000, 0x00000000a5e80000, 0x00000000e0000000)
  object space 96768K, 40% used [0x00000000a0000000,0x00000000a260d348,0x00000000a5e80000)
 Metaspace       used 56450K, capacity 58584K, committed 58752K, reserved 1099776K
  class space    used 7696K, capacity 8276K, committed 8320K, reserved 1048576K
}

