# JRE version: OpenJDK Runtime Environment (8.0_152-b01) (build 1.8.0_152-release-915-b01)
# Java VM: OpenJDK 64-Bit Server VM (25.152-b01 mixed mode windows-amd64 compressed oops)
Heap:
 PSYoungGen      total 143872K, used 7926K [0x00000000e0000000, 0x00000000eca80000, 0x0000000100000000)
  eden space 114688K, 6% used [0x00000000e0000000,0x00000000e07bd9c0,0x00000000e7000000)
  from space 29184K, 0% used [0x00000000e7000000,0x00000000e7000000,0x00000000e8c80000)
  to   space 29696K, 0% used [0x00000000ead80000,0x00000000ead80000,0x00000000eca80000)
 ParOldGen       total 129536K, used 51898K [0x00000000a0000000, 0x00000000a7e80000, 0x00000000e0000000)
  object space 129536K, 40% used [0x00000000a0000000,0x00000000a32aeb70,0x00000000a7e80000)
 Metaspace       used 57612K, capacity 60058K, committed 60180K, reserved 1101824K
  class space    used 7843K, capacity 8497K, committed 8508K, reserved 1048576K
GC Heap History (10 events):
Event: 101.028 GC heap before
{Heap before GC invocations=22 (full 2):
 PSYoungGen      total 90624K, used 90200K [0x00000000e0000000, 0x00000000e8780000, 0x0000000100000000)
  eden space 71168K, 100% used [0x00000000e0000000,0x00000000e4580000,0x00000000e4580000)
  from space 19456K, 97% used [0x00000000e4580000,0x00000000e5816210,0x00000000e5880000)
  to   space 22016K, 0% used [0x00000000e7200000,0x00000000e7200000,0x00000000e8780000)
 ParOldGen       total 72704K, used 21727K [0x00000000a0000000, 0x00000000a4700000, 0x00000000e0000000)
  object space 72704K, 29% used [0x00000000a0000000,0x00000000a1537d60,0x00000000a4700000)
 Metaspace       used 55604K, capacity 57700K, committed 57944K, reserved 1099776K
  class space    used 7637K, capacity 8239K, committed 8320K, reserved 1048576K
Event: 101.088 GC heap after
Heap after GC invocations=22 (full 2):
 PSYoungGen      total 111104K, used 22016K [0x00000000e0000000, 0x00000000e9180000, 0x0000000100000000)
  eden space 89088K, 0% used [0x00000000e0000000,0x00000000e0000000,0x00000000e5700000)
  from space 22016K, 100% used [0x00000000e7200000,0x00000000e8780000,0x00000000e8780000)
  to   space 27648K, 0% used [0x00000000e5700000,0x00000000e5700000,0x00000000e7200000)
 ParOldGen       total 72704K, used 27155K [0x00000000a0000000, 0x00000000a4700000, 0x00000000e0000000)
  object space 72704K, 37% used [0x00000000a0000000,0x00000000a1a84f80,0x00000000a4700000)
 Metaspace       used 55604K, capacity 57700K, committed 57944K, reserved 1099776K
  class space    used 7637K, capacity 8239K, committed 8320K, reserved 1048576K
}
Event: 112.603 GC heap before
{Heap before GC invocations=23 (full 2):
 PSYoungGen      total 111104K, used 111104K [0x00000000e0000000, 0x00000000e9180000, 0x0000000100000000)
  eden space 89088K, 100% used [0x00000000e0000000,0x00000000e5700000,0x00000000e5700000)
  from space 22016K, 100% used [0x00000000e7200000,0x00000000e8780000,0x00000000e8780000)
  to   space 27648K, 0% used [0x00000000e5700000,0x00000000e5700000,0x00000000e7200000)
 ParOldGen       total 72704K, used 27155K [0x00000000a0000000, 0x00000000a4700000, 0x00000000e0000000)
  object space 72704K, 37% used [0x00000000a0000000,0x00000000a1a84f80,0x00000000a4700000)
 Metaspace       used 56381K, capacity 58458K, committed 58712K, reserved 1099776K
  class space    used 7696K, capacity 8274K, committed 8320K, reserved 1048576K
Event: 112.640 GC heap after
Heap after GC invocations=23 (full 2):
 PSYoungGen      total 116736K, used 25241K [0x00000000e0000000, 0x00000000ead00000, 0x0000000100000000)
  eden space 89088K, 0% used [0x00000000e0000000,0x00000000e0000000,0x00000000e5700000)
  from space 27648K, 91% used [0x00000000e5700000,0x00000000e6fa6440,0x00000000e7200000)
  to   space 30720K, 0% used [0x00000000e8f00000,0x00000000e8f00000,0x00000000ead00000)
 ParOldGen       total 72704K, used 28294K [0x00000000a0000000, 0x00000000a4700000, 0x00000000e0000000)
  object space 72704K, 38% used [0x00000000a0000000,0x00000000a1ba1a48,0x00000000a4700000)
 Metaspace       used 56381K, capacity 58458K, committed 58712K, reserved 1099776K
  class space    used 7696K, capacity 8274K, committed 8320K, reserved 1048576K
}
Event: 119.117 GC heap before
{Heap before GC invocations=24 (full 2):
 PSYoungGen      total 116736K, used 114329K [0x00000000e0000000, 0x00000000ead00000, 0x0000000100000000)
  eden space 89088K, 100% used [0x00000000e0000000,0x00000000e5700000,0x00000000e5700000)
  from space 27648K, 91% used [0x00000000e5700000,0x00000000e6fa6440,0x00000000e7200000)
  to   space 30720K, 0% used [0x00000000e8f00000,0x00000000e8f00000,0x00000000ead00000)
 ParOldGen       total 72704K, used 28294K [0x00000000a0000000, 0x00000000a4700000, 0x00000000e0000000)
  object space 72704K, 38% used [0x00000000a0000000,0x00000000a1ba1a48,0x00000000a4700000)
 Metaspace       used 56558K, capacity 58740K, committed 58968K, reserved 1099776K
  class space    used 7703K, capacity 8279K, committed 8320K, reserved 1048576K
Event: 119.149 GC heap after
Heap after GC invocations=24 (full 2):
 PSYoungGen      total 141312K, used 13472K [0x00000000e0000000, 0x00000000ea900000, 0x0000000100000000)
  eden space 114688K, 0% used [0x00000000e0000000,0x00000000e0000000,0x00000000e7000000)
  from space 26624K, 50% used [0x00000000e8f00000,0x00000000e9c28000,0x00000000ea900000)
  to   space 29184K, 0% used [0x00000000e7000000,0x00000000e7000000,0x00000000e8c80000)
 ParOldGen       total 72704K, used 40344K [0x00000000a0000000, 0x00000000a4700000, 0x00000000e0000000)
  object space 72704K, 55% used [0x00000000a0000000,0x00000000a27662c8,0x00000000a4700000)
 Metaspace       used 56558K, capacity 58740K, committed 58968K, reserved 1099776K
  class space    used 7703K, capacity 8279K, committed 8320K, reserved 1048576K
}
Event: 121.355 GC heap before
{Heap before GC invocations=25 (full 2):
 PSYoungGen      total 141312K, used 42652K [0x00000000e0000000, 0x00000000ea900000, 0x0000000100000000)
  eden space 114688K, 25% used [0x00000000e0000000,0x00000000e1c7f3e8,0x00000000e7000000)
  from space 26624K, 50% used [0x00000000e8f00000,0x00000000e9c28000,0x00000000ea900000)
  to   space 29184K, 0% used [0x00000000e7000000,0x00000000e7000000,0x00000000e8c80000)
 ParOldGen       total 72704K, used 40344K [0x00000000a0000000, 0x00000000a4700000, 0x00000000e0000000)
  object space 72704K, 55% used [0x00000000a0000000,0x00000000a27662c8,0x00000000a4700000)
 Metaspace       used 56826K, capacity 58984K, committed 59028K, reserved 1099776K
  class space    used 7746K, capacity 8338K, committed 8380K, reserved 1048576K
Event: 121.385 GC heap after
Heap after GC invocations=25 (full 2):
 PSYoungGen      total 143872K, used 1296K [0x00000000e0000000, 0x00000000eca80000, 0x0000000100000000)
  eden space 114688K, 0% used [0x00000000e0000000,0x00000000e0000000,0x00000000e7000000)
  from space 29184K, 4% used [0x00000000e7000000,0x00000000e7144020,0x00000000e8c80000)
  to   space 29696K, 0% used [0x00000000ead80000,0x00000000ead80000,0x00000000eca80000)
 ParOldGen       total 72704K, used 53141K [0x00000000a0000000, 0x00000000a4700000, 0x00000000e0000000)
  object space 72704K, 73% used [0x00000000a0000000,0x00000000a33e56d8,0x00000000a4700000)
 Metaspace       used 56826K, capacity 58984K, committed 59028K, reserved 1099776K
  class space    used 7746K, capacity 8338K, committed 8380K, reserved 1048576K
}
Event: 121.385 GC heap before
{Heap before GC invocations=26 (full 3):
 PSYoungGen      total 143872K, used 1296K [0x00000000e0000000, 0x00000000eca80000, 0x0000000100000000)
  eden space 114688K, 0% used [0x00000000e0000000,0x00000000e0000000,0x00000000e7000000)
  from space 29184K, 4% used [0x00000000e7000000,0x00000000e7144020,0x00000000e8c80000)
  to   space 29696K, 0% used [0x00000000ead80000,0x00000000ead80000,0x00000000eca80000)
 ParOldGen       total 72704K, used 53141K [0x00000000a0000000, 0x00000000a4700000, 0x00000000e0000000)
  object space 72704K, 73% used [0x00000000a0000000,0x00000000a33e56d8,0x00000000a4700000)
 Metaspace       used 56826K, capacity 58984K, committed 59028K, reserved 1099776K
  class space    used 7746K, capacity 8338K, committed 8380K, reserved 1048576K
Event: 122.193 GC heap after
Heap after GC invocations=26 (full 3):
 PSYoungGen      total 143872K, used 0K [0x00000000e0000000, 0x00000000eca80000, 0x0000000100000000)
  eden space 114688K, 0% used [0x00000000e0000000,0x00000000e0000000,0x00000000e7000000)
  from space 29184K, 0% used [0x00000000e7000000,0x00000000e7000000,0x00000000e8c80000)
  to   space 29696K, 0% used [0x00000000ead80000,0x00000000ead80000,0x00000000eca80000)
 ParOldGen       total 129536K, used 51898K [0x00000000a0000000, 0x00000000a7e80000, 0x00000000e0000000)
  object space 129536K, 40% used [0x00000000a0000000,0x00000000a32aeb70,0x00000000a7e80000)
 Metaspace       used 56826K, capacity 58984K, committed 59028K, reserved 1099776K
  class space    used 7746K, capacity 8338K, committed 8380K, reserved 1048576K
}

