# JRE version: OpenJDK Runtime Environment (8.0_152-b01) (build 1.8.0_152-release-915-b01)
# Java VM: OpenJDK 64-Bit Server VM (25.152-b01 mixed mode windows-amd64 compressed oops)
Heap:
 PSYoungGen      total 105984K, used 13237K [0x00000000e0000000, 0x00000000e7380000, 0x0000000100000000)
  eden space 94720K, 13% used [0x00000000e0000000,0x00000000e0ced7c0,0x00000000e5c80000)
  from space 11264K, 0% used [0x00000000e5c80000,0x00000000e5c80000,0x00000000e6780000)
  to   space 10240K, 0% used [0x00000000e6780000,0x00000000e6780000,0x00000000e7180000)
 ParOldGen       total 65024K, used 16633K [0x00000000a0000000, 0x00000000a3f80000, 0x00000000e0000000)
  object space 65024K, 25% used [0x00000000a0000000,0x00000000a103e6b0,0x00000000a3f80000)
 Metaspace       used 36949K, capacity 37718K, committed 37888K, reserved 1081344K
  class space    used 5013K, capacity 5350K, committed 5376K, reserved 1048576K
GC Heap History (10 events):
Event: 7.557 GC heap before
{Heap before GC invocations=5 (full 1):
 PSYoungGen      total 71680K, used 5088K [0x00000000e0000000, 0x00000000e4b00000, 0x0000000100000000)
  eden space 66560K, 0% used [0x00000000e0000000,0x00000000e0000000,0x00000000e4100000)
  from space 5120K, 99% used [0x00000000e4600000,0x00000000e4af8050,0x00000000e4b00000)
  to   space 5120K, 0% used [0x00000000e4100000,0x00000000e4100000,0x00000000e4600000)
 ParOldGen       total 87552K, used 7540K [0x00000000a0000000, 0x00000000a5580000, 0x00000000e0000000)
  object space 87552K, 8% used [0x00000000a0000000,0x00000000a075d2c8,0x00000000a5580000)
 Metaspace       used 20724K, capacity 21112K, committed 21248K, reserved 1067008K
  class space    used 2865K, capacity 3035K, committed 3072K, reserved 1048576K
Event: 7.663 GC heap after
Heap after GC invocations=5 (full 1):
 PSYoungGen      total 71680K, used 0K [0x00000000e0000000, 0x00000000e4b00000, 0x0000000100000000)
  eden space 66560K, 0% used [0x00000000e0000000,0x00000000e0000000,0x00000000e4100000)
  from space 5120K, 0% used [0x00000000e4600000,0x00000000e4600000,0x00000000e4b00000)
  to   space 5120K, 0% used [0x00000000e4100000,0x00000000e4100000,0x00000000e4600000)
 ParOldGen       total 65024K, used 8690K [0x00000000a0000000, 0x00000000a3f80000, 0x00000000e0000000)
  object space 65024K, 13% used [0x00000000a0000000,0x00000000a087c8a0,0x00000000a3f80000)
 Metaspace       used 20724K, capacity 21112K, committed 21248K, reserved 1067008K
  class space    used 2865K, capacity 3035K, committed 3072K, reserved 1048576K
}
Event: 9.681 GC heap before
{Heap before GC invocations=6 (full 1):
 PSYoungGen      total 71680K, used 66560K [0x00000000e0000000, 0x00000000e4b00000, 0x0000000100000000)
  eden space 66560K, 100% used [0x00000000e0000000,0x00000000e4100000,0x00000000e4100000)
  from space 5120K, 0% used [0x00000000e4600000,0x00000000e4600000,0x00000000e4b00000)
  to   space 5120K, 0% used [0x00000000e4100000,0x00000000e4100000,0x00000000e4600000)
 ParOldGen       total 65024K, used 8690K [0x00000000a0000000, 0x00000000a3f80000, 0x00000000e0000000)
  object space 65024K, 13% used [0x00000000a0000000,0x00000000a087c8a0,0x00000000a3f80000)
 Metaspace       used 26184K, capacity 26670K, committed 26880K, reserved 1073152K
  class space    used 3550K, capacity 3750K, committed 3840K, reserved 1048576K
Event: 9.694 GC heap after
Heap after GC invocations=6 (full 1):
 PSYoungGen      total 71680K, used 5117K [0x00000000e0000000, 0x00000000e7180000, 0x0000000100000000)
  eden space 66560K, 0% used [0x00000000e0000000,0x00000000e0000000,0x00000000e4100000)
  from space 5120K, 99% used [0x00000000e4100000,0x00000000e45ff5f0,0x00000000e4600000)
  to   space 10240K, 0% used [0x00000000e6780000,0x00000000e6780000,0x00000000e7180000)
 ParOldGen       total 65024K, used 10409K [0x00000000a0000000, 0x00000000a3f80000, 0x00000000e0000000)
  object space 65024K, 16% used [0x00000000a0000000,0x00000000a0a2a7a0,0x00000000a3f80000)
 Metaspace       used 26184K, capacity 26670K, committed 26880K, reserved 1073152K
  class space    used 3550K, capacity 3750K, committed 3840K, reserved 1048576K
}
Event: 12.260 GC heap before
{Heap before GC invocations=7 (full 1):
 PSYoungGen      total 71680K, used 71677K [0x00000000e0000000, 0x00000000e7180000, 0x0000000100000000)
  eden space 66560K, 100% used [0x00000000e0000000,0x00000000e4100000,0x00000000e4100000)
  from space 5120K, 99% used [0x00000000e4100000,0x00000000e45ff5f0,0x00000000e4600000)
  to   space 10240K, 0% used [0x00000000e6780000,0x00000000e6780000,0x00000000e7180000)
 ParOldGen       total 65024K, used 10409K [0x00000000a0000000, 0x00000000a3f80000, 0x00000000e0000000)
  object space 65024K, 16% used [0x00000000a0000000,0x00000000a0a2a7a0,0x00000000a3f80000)
 Metaspace       used 31241K, capacity 31850K, committed 32000K, reserved 1077248K
  class space    used 4311K, capacity 4580K, committed 4608K, reserved 1048576K
Event: 12.288 GC heap after
Heap after GC invocations=7 (full 1):
 PSYoungGen      total 104960K, used 9885K [0x00000000e0000000, 0x00000000e7380000, 0x0000000100000000)
  eden space 94720K, 0% used [0x00000000e0000000,0x00000000e0000000,0x00000000e5c80000)
  from space 10240K, 96% used [0x00000000e6780000,0x00000000e7127758,0x00000000e7180000)
  to   space 11264K, 0% used [0x00000000e5c80000,0x00000000e5c80000,0x00000000e6780000)
 ParOldGen       total 65024K, used 10417K [0x00000000a0000000, 0x00000000a3f80000, 0x00000000e0000000)
  object space 65024K, 16% used [0x00000000a0000000,0x00000000a0a2c7a0,0x00000000a3f80000)
 Metaspace       used 31241K, capacity 31850K, committed 32000K, reserved 1077248K
  class space    used 4311K, capacity 4580K, committed 4608K, reserved 1048576K
}
Event: 15.707 GC heap before
{Heap before GC invocations=8 (full 1):
 PSYoungGen      total 104960K, used 71417K [0x00000000e0000000, 0x00000000e7380000, 0x0000000100000000)
  eden space 94720K, 64% used [0x00000000e0000000,0x00000000e3c16d58,0x00000000e5c80000)
  from space 10240K, 96% used [0x00000000e6780000,0x00000000e7127758,0x00000000e7180000)
  to   space 11264K, 0% used [0x00000000e5c80000,0x00000000e5c80000,0x00000000e6780000)
 ParOldGen       total 65024K, used 10417K [0x00000000a0000000, 0x00000000a3f80000, 0x00000000e0000000)
  object space 65024K, 16% used [0x00000000a0000000,0x00000000a0a2c7a0,0x00000000a3f80000)
 Metaspace       used 34567K, capacity 35304K, committed 35416K, reserved 1079296K
  class space    used 4713K, capacity 5034K, committed 5120K, reserved 1048576K
Event: 15.753 GC heap after
Heap after GC invocations=8 (full 1):
 PSYoungGen      total 105984K, used 10587K [0x00000000e0000000, 0x00000000e7380000, 0x0000000100000000)
  eden space 94720K, 0% used [0x00000000e0000000,0x00000000e0000000,0x00000000e5c80000)
  from space 11264K, 93% used [0x00000000e5c80000,0x00000000e66d6c98,0x00000000e6780000)
  to   space 10240K, 0% used [0x00000000e6780000,0x00000000e6780000,0x00000000e7180000)
 ParOldGen       total 65024K, used 10489K [0x00000000a0000000, 0x00000000a3f80000, 0x00000000e0000000)
  object space 65024K, 16% used [0x00000000a0000000,0x00000000a0a3e7b0,0x00000000a3f80000)
 Metaspace       used 34567K, capacity 35304K, committed 35416K, reserved 1079296K
  class space    used 4713K, capacity 5034K, committed 5120K, reserved 1048576K
}
Event: 15.754 GC heap before
{Heap before GC invocations=9 (full 2):
 PSYoungGen      total 105984K, used 10587K [0x00000000e0000000, 0x00000000e7380000, 0x0000000100000000)
  eden space 94720K, 0% used [0x00000000e0000000,0x00000000e0000000,0x00000000e5c80000)
  from space 11264K, 93% used [0x00000000e5c80000,0x00000000e66d6c98,0x00000000e6780000)
  to   space 10240K, 0% used [0x00000000e6780000,0x00000000e6780000,0x00000000e7180000)
 ParOldGen       total 65024K, used 10489K [0x00000000a0000000, 0x00000000a3f80000, 0x00000000e0000000)
  object space 65024K, 16% used [0x00000000a0000000,0x00000000a0a3e7b0,0x00000000a3f80000)
 Metaspace       used 34567K, capacity 35304K, committed 35416K, reserved 1079296K
  class space    used 4713K, capacity 5034K, committed 5120K, reserved 1048576K
Event: 15.934 GC heap after
Heap after GC invocations=9 (full 2):
 PSYoungGen      total 105984K, used 0K [0x00000000e0000000, 0x00000000e7380000, 0x0000000100000000)
  eden space 94720K, 0% used [0x00000000e0000000,0x00000000e0000000,0x00000000e5c80000)
  from space 11264K, 0% used [0x00000000e5c80000,0x00000000e5c80000,0x00000000e6780000)
  to   space 10240K, 0% used [0x00000000e6780000,0x00000000e6780000,0x00000000e7180000)
 ParOldGen       total 65024K, used 16633K [0x00000000a0000000, 0x00000000a3f80000, 0x00000000e0000000)
  object space 65024K, 25% used [0x00000000a0000000,0x00000000a103e6b0,0x00000000a3f80000)
 Metaspace       used 34567K, capacity 35304K, committed 35416K, reserved 1079296K
  class space    used 4713K, capacity 5034K, committed 5120K, reserved 1048576K
}

