# JRE version: OpenJDK Runtime Environment (8.0_152-b01) (build 1.8.0_152-release-915-b01)
# Java VM: OpenJDK 64-Bit Server VM (25.152-b01 mixed mode windows-amd64 compressed oops)
Heap:
 PSYoungGen      total 210432K, used 111894K [0x00000000e0000000, 0x00000000f2b00000, 0x0000000100000000)
  eden space 179712K, 62% used [0x00000000e0000000,0x00000000e6d45a80,0x00000000eaf80000)
  from space 30720K, 0% used [0x00000000eaf80000,0x00000000eaf80000,0x00000000ecd80000)
  to   space 32768K, 0% used [0x00000000f0b00000,0x00000000f0b00000,0x00000000f2b00000)
 ParOldGen       total 105984K, used 56751K [0x00000000a0000000, 0x00000000a6780000, 0x00000000e0000000)
  object space 105984K, 53% used [0x00000000a0000000,0x00000000a376bfe0,0x00000000a6780000)
 Metaspace       used 61471K, capacity 64303K, committed 64532K, reserved 1105920K
  class space    used 8196K, capacity 8960K, committed 8980K, reserved 1048576K
GC Heap History (10 events):
Event: 22.093 GC heap before
{Heap before GC invocations=12 (full 2):
 PSYoungGen      total 137728K, used 137704K [0x00000000e0000000, 0x00000000eb480000, 0x0000000100000000)
  eden space 123904K, 100% used [0x00000000e0000000,0x00000000e7900000,0x00000000e7900000)
  from space 13824K, 99% used [0x00000000e7900000,0x00000000e867a1b0,0x00000000e8680000)
  to   space 16384K, 0% used [0x00000000ea480000,0x00000000ea480000,0x00000000eb480000)
 ParOldGen       total 105984K, used 18521K [0x00000000a0000000, 0x00000000a6780000, 0x00000000e0000000)
  object space 105984K, 17% used [0x00000000a0000000,0x00000000a12166e8,0x00000000a6780000)
 Metaspace       used 54090K, capacity 55892K, committed 56064K, reserved 1097728K
  class space    used 7377K, capacity 7894K, committed 7936K, reserved 1048576K
Event: 22.158 GC heap after
Heap after GC invocations=12 (full 2):
 PSYoungGen      total 163840K, used 16365K [0x00000000e0000000, 0x00000000ec100000, 0x0000000100000000)
  eden space 147456K, 0% used [0x00000000e0000000,0x00000000e0000000,0x00000000e9000000)
  from space 16384K, 99% used [0x00000000ea480000,0x00000000eb47b4f0,0x00000000eb480000)
  to   space 20992K, 0% used [0x00000000e9000000,0x00000000e9000000,0x00000000ea480000)
 ParOldGen       total 105984K, used 25609K [0x00000000a0000000, 0x00000000a6780000, 0x00000000e0000000)
  object space 105984K, 24% used [0x00000000a0000000,0x00000000a1902778,0x00000000a6780000)
 Metaspace       used 54090K, capacity 55892K, committed 56064K, reserved 1097728K
  class space    used 7377K, capacity 7894K, committed 7936K, reserved 1048576K
}
Event: 31.368 GC heap before
{Heap before GC invocations=13 (full 2):
 PSYoungGen      total 163840K, used 163821K [0x00000000e0000000, 0x00000000ec100000, 0x0000000100000000)
  eden space 147456K, 100% used [0x00000000e0000000,0x00000000e9000000,0x00000000e9000000)
  from space 16384K, 99% used [0x00000000ea480000,0x00000000eb47b4f0,0x00000000eb480000)
  to   space 20992K, 0% used [0x00000000e9000000,0x00000000e9000000,0x00000000ea480000)
 ParOldGen       total 105984K, used 25609K [0x00000000a0000000, 0x00000000a6780000, 0x00000000e0000000)
  object space 105984K, 24% used [0x00000000a0000000,0x00000000a1902778,0x00000000a6780000)
 Metaspace       used 56123K, capacity 58280K, committed 58496K, reserved 1099776K
  class space    used 7675K, capacity 8239K, committed 8320K, reserved 1048576K
Event: 31.438 GC heap after
Heap after GC invocations=13 (full 2):
 PSYoungGen      total 168448K, used 20960K [0x00000000e0000000, 0x00000000ee900000, 0x0000000100000000)
  eden space 147456K, 0% used [0x00000000e0000000,0x00000000e0000000,0x00000000e9000000)
  from space 20992K, 99% used [0x00000000e9000000,0x00000000ea478210,0x00000000ea480000)
  to   space 28160K, 0% used [0x00000000ecd80000,0x00000000ecd80000,0x00000000ee900000)
 ParOldGen       total 105984K, used 37429K [0x00000000a0000000, 0x00000000a6780000, 0x00000000e0000000)
  object space 105984K, 35% used [0x00000000a0000000,0x00000000a248d688,0x00000000a6780000)
 Metaspace       used 56123K, capacity 58280K, committed 58496K, reserved 1099776K
  class space    used 7675K, capacity 8239K, committed 8320K, reserved 1048576K
}
Event: 36.967 GC heap before
{Heap before GC invocations=14 (full 2):
 PSYoungGen      total 168448K, used 168416K [0x00000000e0000000, 0x00000000ee900000, 0x0000000100000000)
  eden space 147456K, 100% used [0x00000000e0000000,0x00000000e9000000,0x00000000e9000000)
  from space 20992K, 99% used [0x00000000e9000000,0x00000000ea478210,0x00000000ea480000)
  to   space 28160K, 0% used [0x00000000ecd80000,0x00000000ecd80000,0x00000000ee900000)
 ParOldGen       total 105984K, used 37429K [0x00000000a0000000, 0x00000000a6780000, 0x00000000e0000000)
  object space 105984K, 35% used [0x00000000a0000000,0x00000000a248d688,0x00000000a6780000)
 Metaspace       used 56548K, capacity 58732K, committed 59008K, reserved 1099776K
  class space    used 7697K, capacity 8277K, committed 8320K, reserved 1048576K
Event: 37.022 GC heap after
Heap after GC invocations=14 (full 2):
 PSYoungGen      total 207872K, used 23840K [0x00000000e0000000, 0x00000000eed00000, 0x0000000100000000)
  eden space 179712K, 0% used [0x00000000e0000000,0x00000000e0000000,0x00000000eaf80000)
  from space 28160K, 84% used [0x00000000ecd80000,0x00000000ee4c8210,0x00000000ee900000)
  to   space 30720K, 0% used [0x00000000eaf80000,0x00000000eaf80000,0x00000000ecd80000)
 ParOldGen       total 105984K, used 37437K [0x00000000a0000000, 0x00000000a6780000, 0x00000000e0000000)
  object space 105984K, 35% used [0x00000000a0000000,0x00000000a248f688,0x00000000a6780000)
 Metaspace       used 56548K, capacity 58732K, committed 59008K, reserved 1099776K
  class space    used 7697K, capacity 8277K, committed 8320K, reserved 1048576K
}
Event: 37.586 GC heap before
{Heap before GC invocations=15 (full 2):
 PSYoungGen      total 207872K, used 47426K [0x00000000e0000000, 0x00000000eed00000, 0x0000000100000000)
  eden space 179712K, 13% used [0x00000000e0000000,0x00000000e17086c8,0x00000000eaf80000)
  from space 28160K, 84% used [0x00000000ecd80000,0x00000000ee4c8210,0x00000000ee900000)
  to   space 30720K, 0% used [0x00000000eaf80000,0x00000000eaf80000,0x00000000ecd80000)
 ParOldGen       total 105984K, used 37437K [0x00000000a0000000, 0x00000000a6780000, 0x00000000e0000000)
  object space 105984K, 35% used [0x00000000a0000000,0x00000000a248f688,0x00000000a6780000)
 Metaspace       used 56821K, capacity 59009K, committed 59028K, reserved 1099776K
  class space    used 7743K, capacity 8340K, committed 8340K, reserved 1048576K
Event: 37.624 GC heap after
Heap after GC invocations=15 (full 2):
 PSYoungGen      total 210432K, used 24352K [0x00000000e0000000, 0x00000000f2b00000, 0x0000000100000000)
  eden space 179712K, 0% used [0x00000000e0000000,0x00000000e0000000,0x00000000eaf80000)
  from space 30720K, 79% used [0x00000000eaf80000,0x00000000ec748220,0x00000000ecd80000)
  to   space 32768K, 0% used [0x00000000f0b00000,0x00000000f0b00000,0x00000000f2b00000)
 ParOldGen       total 105984K, used 37445K [0x00000000a0000000, 0x00000000a6780000, 0x00000000e0000000)
  object space 105984K, 35% used [0x00000000a0000000,0x00000000a2491688,0x00000000a6780000)
 Metaspace       used 56821K, capacity 59009K, committed 59028K, reserved 1099776K
  class space    used 7743K, capacity 8340K, committed 8340K, reserved 1048576K
}
Event: 37.624 GC heap before
{Heap before GC invocations=16 (full 3):
 PSYoungGen      total 210432K, used 24352K [0x00000000e0000000, 0x00000000f2b00000, 0x0000000100000000)
  eden space 179712K, 0% used [0x00000000e0000000,0x00000000e0000000,0x00000000eaf80000)
  from space 30720K, 79% used [0x00000000eaf80000,0x00000000ec748220,0x00000000ecd80000)
  to   space 32768K, 0% used [0x00000000f0b00000,0x00000000f0b00000,0x00000000f2b00000)
 ParOldGen       total 105984K, used 37445K [0x00000000a0000000, 0x00000000a6780000, 0x00000000e0000000)
  object space 105984K, 35% used [0x00000000a0000000,0x00000000a2491688,0x00000000a6780000)
 Metaspace       used 56821K, capacity 59009K, committed 59028K, reserved 1099776K
  class space    used 7743K, capacity 8340K, committed 8340K, reserved 1048576K
Event: 38.149 GC heap after
Heap after GC invocations=16 (full 3):
 PSYoungGen      total 210432K, used 0K [0x00000000e0000000, 0x00000000f2b00000, 0x0000000100000000)
  eden space 179712K, 0% used [0x00000000e0000000,0x00000000e0000000,0x00000000eaf80000)
  from space 30720K, 0% used [0x00000000eaf80000,0x00000000eaf80000,0x00000000ecd80000)
  to   space 32768K, 0% used [0x00000000f0b00000,0x00000000f0b00000,0x00000000f2b00000)
 ParOldGen       total 105984K, used 56751K [0x00000000a0000000, 0x00000000a6780000, 0x00000000e0000000)
  object space 105984K, 53% used [0x00000000a0000000,0x00000000a376bfe0,0x00000000a6780000)
 Metaspace       used 56821K, capacity 59009K, committed 59028K, reserved 1099776K
  class space    used 7743K, capacity 8340K, committed 8340K, reserved 1048576K
}

