# JRE version: OpenJDK Runtime Environment (8.0_152-b01) (build 1.8.0_152-release-915-b01)
# Java VM: OpenJDK 64-Bit Server VM (25.152-b01 mixed mode windows-amd64 compressed oops)
Heap:
 PSYoungGen      total 187904K, used 27572K [0x00000000e0000000, 0x00000000eeb80000, 0x0000000100000000)
  eden space 173568K, 7% used [0x00000000e0000000,0x00000000e0cede88,0x00000000ea980000)
  from space 14336K, 99% used [0x00000000ecf80000,0x00000000edd7f4e0,0x00000000edd80000)
  to   space 12288K, 0% used [0x00000000edf80000,0x00000000edf80000,0x00000000eeb80000)
 ParOldGen       total 81920K, used 25826K [0x00000000a0000000, 0x00000000a5000000, 0x00000000e0000000)
  object space 81920K, 31% used [0x00000000a0000000,0x00000000a1938bf0,0x00000000a5000000)
 Metaspace       used 53007K, capacity 54772K, committed 55128K, reserved 1097728K
  class space    used 7200K, capacity 7699K, committed 7808K, reserved 1048576K
GC Heap History (10 events):
Event: 24.330 GC heap before
{Heap before GC invocations=7 (full 1):
 PSYoungGen      total 71680K, used 71668K [0x00000000e0000000, 0x00000000e8a00000, 0x0000000100000000)
  eden space 66560K, 100% used [0x00000000e0000000,0x00000000e4100000,0x00000000e4100000)
  from space 5120K, 99% used [0x00000000e4100000,0x00000000e45fd3b8,0x00000000e4600000)
  to   space 10240K, 0% used [0x00000000e8000000,0x00000000e8000000,0x00000000e8a00000)
 ParOldGen       total 53248K, used 10541K [0x00000000a0000000, 0x00000000a3400000, 0x00000000e0000000)
  object space 53248K, 19% used [0x00000000a0000000,0x00000000a0a4b788,0x00000000a3400000)
 Metaspace       used 31296K, capacity 31914K, committed 32000K, reserved 1077248K
  class space    used 4318K, capacity 4580K, committed 4608K, reserved 1048576K
Event: 24.355 GC heap after
Heap after GC invocations=7 (full 1):
 PSYoungGen      total 130048K, used 9915K [0x00000000e0000000, 0x00000000e8c00000, 0x0000000100000000)
  eden space 119808K, 0% used [0x00000000e0000000,0x00000000e0000000,0x00000000e7500000)
  from space 10240K, 96% used [0x00000000e8000000,0x00000000e89aec48,0x00000000e8a00000)
  to   space 11264K, 0% used [0x00000000e7500000,0x00000000e7500000,0x00000000e8000000)
 ParOldGen       total 53248K, used 10549K [0x00000000a0000000, 0x00000000a3400000, 0x00000000e0000000)
  object space 53248K, 19% used [0x00000000a0000000,0x00000000a0a4d788,0x00000000a3400000)
 Metaspace       used 31296K, capacity 31914K, committed 32000K, reserved 1077248K
  class space    used 4318K, capacity 4580K, committed 4608K, reserved 1048576K
}
Event: 26.175 GC heap before
{Heap before GC invocations=8 (full 1):
 PSYoungGen      total 130048K, used 73358K [0x00000000e0000000, 0x00000000e8c00000, 0x0000000100000000)
  eden space 119808K, 52% used [0x00000000e0000000,0x00000000e3df4d70,0x00000000e7500000)
  from space 10240K, 96% used [0x00000000e8000000,0x00000000e89aec48,0x00000000e8a00000)
  to   space 11264K, 0% used [0x00000000e7500000,0x00000000e7500000,0x00000000e8000000)
 ParOldGen       total 53248K, used 10549K [0x00000000a0000000, 0x00000000a3400000, 0x00000000e0000000)
  object space 53248K, 19% used [0x00000000a0000000,0x00000000a0a4d788,0x00000000a3400000)
 Metaspace       used 34506K, capacity 35240K, committed 35416K, reserved 1079296K
  class space    used 4707K, capacity 4970K, committed 4992K, reserved 1048576K
Event: 26.197 GC heap after
Heap after GC invocations=8 (full 1):
 PSYoungGen      total 131072K, used 10512K [0x00000000e0000000, 0x00000000eeb80000, 0x0000000100000000)
  eden space 119808K, 0% used [0x00000000e0000000,0x00000000e0000000,0x00000000e7500000)
  from space 11264K, 93% used [0x00000000e7500000,0x00000000e7f44070,0x00000000e8000000)
  to   space 12288K, 0% used [0x00000000edf80000,0x00000000edf80000,0x00000000eeb80000)
 ParOldGen       total 53248K, used 10621K [0x00000000a0000000, 0x00000000a3400000, 0x00000000e0000000)
  object space 53248K, 19% used [0x00000000a0000000,0x00000000a0a5f798,0x00000000a3400000)
 Metaspace       used 34506K, capacity 35240K, committed 35416K, reserved 1079296K
  class space    used 4707K, capacity 4970K, committed 4992K, reserved 1048576K
}
Event: 26.197 GC heap before
{Heap before GC invocations=9 (full 2):
 PSYoungGen      total 131072K, used 10512K [0x00000000e0000000, 0x00000000eeb80000, 0x0000000100000000)
  eden space 119808K, 0% used [0x00000000e0000000,0x00000000e0000000,0x00000000e7500000)
  from space 11264K, 93% used [0x00000000e7500000,0x00000000e7f44070,0x00000000e8000000)
  to   space 12288K, 0% used [0x00000000edf80000,0x00000000edf80000,0x00000000eeb80000)
 ParOldGen       total 53248K, used 10621K [0x00000000a0000000, 0x00000000a3400000, 0x00000000e0000000)
  object space 53248K, 19% used [0x00000000a0000000,0x00000000a0a5f798,0x00000000a3400000)
 Metaspace       used 34506K, capacity 35240K, committed 35416K, reserved 1079296K
  class space    used 4707K, capacity 4970K, committed 4992K, reserved 1048576K
Event: 26.337 GC heap after
Heap after GC invocations=9 (full 2):
 PSYoungGen      total 131072K, used 0K [0x00000000e0000000, 0x00000000eeb80000, 0x0000000100000000)
  eden space 119808K, 0% used [0x00000000e0000000,0x00000000e0000000,0x00000000e7500000)
  from space 11264K, 0% used [0x00000000e7500000,0x00000000e7500000,0x00000000e8000000)
  to   space 12288K, 0% used [0x00000000edf80000,0x00000000edf80000,0x00000000eeb80000)
 ParOldGen       total 81920K, used 16635K [0x00000000a0000000, 0x00000000a5000000, 0x00000000e0000000)
  object space 81920K, 20% used [0x00000000a0000000,0x00000000a103ee90,0x00000000a5000000)
 Metaspace       used 34506K, capacity 35240K, committed 35416K, reserved 1079296K
  class space    used 4707K, capacity 4970K, committed 4992K, reserved 1048576K
}
Event: 28.715 GC heap before
{Heap before GC invocations=10 (full 2):
 PSYoungGen      total 131072K, used 119808K [0x00000000e0000000, 0x00000000eeb80000, 0x0000000100000000)
  eden space 119808K, 100% used [0x00000000e0000000,0x00000000e7500000,0x00000000e7500000)
  from space 11264K, 0% used [0x00000000e7500000,0x00000000e7500000,0x00000000e8000000)
  to   space 12288K, 0% used [0x00000000edf80000,0x00000000edf80000,0x00000000eeb80000)
 ParOldGen       total 81920K, used 16635K [0x00000000a0000000, 0x00000000a5000000, 0x00000000e0000000)
  object space 81920K, 20% used [0x00000000a0000000,0x00000000a103ee90,0x00000000a5000000)
 Metaspace       used 42264K, capacity 43178K, committed 43480K, reserved 1087488K
  class space    used 5670K, capacity 6023K, committed 6144K, reserved 1048576K
Event: 28.736 GC heap after
Heap after GC invocations=10 (full 2):
 PSYoungGen      total 185856K, used 12276K [0x00000000e0000000, 0x00000000eeb80000, 0x0000000100000000)
  eden space 173568K, 0% used [0x00000000e0000000,0x00000000e0000000,0x00000000ea980000)
  from space 12288K, 99% used [0x00000000edf80000,0x00000000eeb7d1e8,0x00000000eeb80000)
  to   space 14336K, 0% used [0x00000000ecf80000,0x00000000ecf80000,0x00000000edd80000)
 ParOldGen       total 81920K, used 17510K [0x00000000a0000000, 0x00000000a5000000, 0x00000000e0000000)
  object space 81920K, 21% used [0x00000000a0000000,0x00000000a1119a18,0x00000000a5000000)
 Metaspace       used 42264K, capacity 43178K, committed 43480K, reserved 1087488K
  class space    used 5670K, capacity 6023K, committed 6144K, reserved 1048576K
}
Event: 32.984 GC heap before
{Heap before GC invocations=11 (full 2):
 PSYoungGen      total 185856K, used 185844K [0x00000000e0000000, 0x00000000eeb80000, 0x0000000100000000)
  eden space 173568K, 100% used [0x00000000e0000000,0x00000000ea980000,0x00000000ea980000)
  from space 12288K, 99% used [0x00000000edf80000,0x00000000eeb7d1e8,0x00000000eeb80000)
  to   space 14336K, 0% used [0x00000000ecf80000,0x00000000ecf80000,0x00000000edd80000)
 ParOldGen       total 81920K, used 17510K [0x00000000a0000000, 0x00000000a5000000, 0x00000000e0000000)
  object space 81920K, 21% used [0x00000000a0000000,0x00000000a1119a18,0x00000000a5000000)
 Metaspace       used 52671K, capacity 54382K, committed 54488K, reserved 1095680K
  class space    used 7135K, capacity 7633K, committed 7680K, reserved 1048576K
Event: 33.018 GC heap after
Heap after GC invocations=11 (full 2):
 PSYoungGen      total 187904K, used 14333K [0x00000000e0000000, 0x00000000eeb80000, 0x0000000100000000)
  eden space 173568K, 0% used [0x00000000e0000000,0x00000000e0000000,0x00000000ea980000)
  from space 14336K, 99% used [0x00000000ecf80000,0x00000000edd7f4e0,0x00000000edd80000)
  to   space 12288K, 0% used [0x00000000edf80000,0x00000000edf80000,0x00000000eeb80000)
 ParOldGen       total 81920K, used 25826K [0x00000000a0000000, 0x00000000a5000000, 0x00000000e0000000)
  object space 81920K, 31% used [0x00000000a0000000,0x00000000a1938bf0,0x00000000a5000000)
 Metaspace       used 52671K, capacity 54382K, committed 54488K, reserved 1095680K
  class space    used 7135K, capacity 7633K, committed 7680K, reserved 1048576K
}

