# JRE version: OpenJDK Runtime Environment (8.0_152-b01) (build 1.8.0_152-release-915-b01)
# Java VM: OpenJDK 64-Bit Server VM (25.152-b01 mixed mode windows-amd64 compressed oops)
Heap:
 PSYoungGen      total 71680K, used 58163K [0x00000000e0000000, 0x00000000e6000000, 0x0000000100000000)
  eden space 60416K, 96% used [0x00000000e0000000,0x00000000e38ccdb0,0x00000000e3b00000)
  from space 11264K, 0% used [0x00000000e3b00000,0x00000000e3b00000,0x00000000e4600000)
  to   space 11776K, 0% used [0x00000000e5480000,0x00000000e5480000,0x00000000e6000000)
 ParOldGen       total 122368K, used 16617K [0x00000000a0000000, 0x00000000a7780000, 0x00000000e0000000)
  object space 122368K, 13% used [0x00000000a0000000,0x00000000a103a5c0,0x00000000a7780000)
 Metaspace       used 38696K, capacity 39548K, committed 39936K, reserved 1083392K
  class space    used 5205K, capacity 5555K, committed 5632K, reserved 1048576K
GC Heap History (10 events):
Event: 5.963 GC heap before
{Heap before GC invocations=5 (full 1):
 PSYoungGen      total 71680K, used 5108K [0x00000000e0000000, 0x00000000e4b00000, 0x0000000100000000)
  eden space 66560K, 0% used [0x00000000e0000000,0x00000000e0000000,0x00000000e4100000)
  from space 5120K, 99% used [0x00000000e4600000,0x00000000e4afd020,0x00000000e4b00000)
  to   space 5120K, 0% used [0x00000000e4100000,0x00000000e4100000,0x00000000e4600000)
 ParOldGen       total 87552K, used 7638K [0x00000000a0000000, 0x00000000a5580000, 0x00000000e0000000)
  object space 87552K, 8% used [0x00000000a0000000,0x00000000a0775bd0,0x00000000a5580000)
 Metaspace       used 20699K, capacity 21112K, committed 21248K, reserved 1067008K
  class space    used 2863K, capacity 3035K, committed 3072K, reserved 1048576K
Event: 6.163 GC heap after
Heap after GC invocations=5 (full 1):
 PSYoungGen      total 71680K, used 0K [0x00000000e0000000, 0x00000000e4b00000, 0x0000000100000000)
  eden space 66560K, 0% used [0x00000000e0000000,0x00000000e0000000,0x00000000e4100000)
  from space 5120K, 0% used [0x00000000e4600000,0x00000000e4600000,0x00000000e4b00000)
  to   space 5120K, 0% used [0x00000000e4100000,0x00000000e4100000,0x00000000e4600000)
 ParOldGen       total 71168K, used 8706K [0x00000000a0000000, 0x00000000a4580000, 0x00000000e0000000)
  object space 71168K, 12% used [0x00000000a0000000,0x00000000a0880928,0x00000000a4580000)
 Metaspace       used 20699K, capacity 21112K, committed 21248K, reserved 1067008K
  class space    used 2863K, capacity 3035K, committed 3072K, reserved 1048576K
}
Event: 7.750 GC heap before
{Heap before GC invocations=6 (full 1):
 PSYoungGen      total 71680K, used 66560K [0x00000000e0000000, 0x00000000e4b00000, 0x0000000100000000)
  eden space 66560K, 100% used [0x00000000e0000000,0x00000000e4100000,0x00000000e4100000)
  from space 5120K, 0% used [0x00000000e4600000,0x00000000e4600000,0x00000000e4b00000)
  to   space 5120K, 0% used [0x00000000e4100000,0x00000000e4100000,0x00000000e4600000)
 ParOldGen       total 71168K, used 8706K [0x00000000a0000000, 0x00000000a4580000, 0x00000000e0000000)
  object space 71168K, 12% used [0x00000000a0000000,0x00000000a0880928,0x00000000a4580000)
 Metaspace       used 26224K, capacity 26734K, committed 26880K, reserved 1073152K
  class space    used 3554K, capacity 3750K, committed 3840K, reserved 1048576K
Event: 7.765 GC heap after
Heap after GC invocations=6 (full 1):
 PSYoungGen      total 71680K, used 5101K [0x00000000e0000000, 0x00000000e4b00000, 0x0000000100000000)
  eden space 66560K, 0% used [0x00000000e0000000,0x00000000e0000000,0x00000000e4100000)
  from space 5120K, 99% used [0x00000000e4100000,0x00000000e45fb4e8,0x00000000e4600000)
  to   space 5120K, 0% used [0x00000000e4600000,0x00000000e4600000,0x00000000e4b00000)
 ParOldGen       total 71168K, used 10589K [0x00000000a0000000, 0x00000000a4580000, 0x00000000e0000000)
  object space 71168K, 14% used [0x00000000a0000000,0x00000000a0a577d8,0x00000000a4580000)
 Metaspace       used 26224K, capacity 26734K, committed 26880K, reserved 1073152K
  class space    used 3554K, capacity 3750K, committed 3840K, reserved 1048576K
}
Event: 9.503 GC heap before
{Heap before GC invocations=7 (full 1):
 PSYoungGen      total 71680K, used 71661K [0x00000000e0000000, 0x00000000e4b00000, 0x0000000100000000)
  eden space 66560K, 100% used [0x00000000e0000000,0x00000000e4100000,0x00000000e4100000)
  from space 5120K, 99% used [0x00000000e4100000,0x00000000e45fb4e8,0x00000000e4600000)
  to   space 5120K, 0% used [0x00000000e4600000,0x00000000e4600000,0x00000000e4b00000)
 ParOldGen       total 71168K, used 10589K [0x00000000a0000000, 0x00000000a4580000, 0x00000000e0000000)
  object space 71168K, 14% used [0x00000000a0000000,0x00000000a0a577d8,0x00000000a4580000)
 Metaspace       used 31247K, capacity 31882K, committed 32000K, reserved 1077248K
  class space    used 4298K, capacity 4548K, committed 4608K, reserved 1048576K
Event: 9.519 GC heap after
Heap after GC invocations=7 (full 1):
 PSYoungGen      total 65536K, used 5088K [0x00000000e0000000, 0x00000000e6780000, 0x0000000100000000)
  eden space 60416K, 0% used [0x00000000e0000000,0x00000000e0000000,0x00000000e3b00000)
  from space 5120K, 99% used [0x00000000e4600000,0x00000000e4af8010,0x00000000e4b00000)
  to   space 11264K, 0% used [0x00000000e3b00000,0x00000000e3b00000,0x00000000e4600000)
 ParOldGen       total 71168K, used 15440K [0x00000000a0000000, 0x00000000a4580000, 0x00000000e0000000)
  object space 71168K, 21% used [0x00000000a0000000,0x00000000a0f143c0,0x00000000a4580000)
 Metaspace       used 31247K, capacity 31882K, committed 32000K, reserved 1077248K
  class space    used 4298K, capacity 4548K, committed 4608K, reserved 1048576K
}
Event: 11.130 GC heap before
{Heap before GC invocations=8 (full 1):
 PSYoungGen      total 65536K, used 63210K [0x00000000e0000000, 0x00000000e6780000, 0x0000000100000000)
  eden space 60416K, 96% used [0x00000000e0000000,0x00000000e38c2920,0x00000000e3b00000)
  from space 5120K, 99% used [0x00000000e4600000,0x00000000e4af8010,0x00000000e4b00000)
  to   space 11264K, 0% used [0x00000000e3b00000,0x00000000e3b00000,0x00000000e4600000)
 ParOldGen       total 71168K, used 15440K [0x00000000a0000000, 0x00000000a4580000, 0x00000000e0000000)
  object space 71168K, 21% used [0x00000000a0000000,0x00000000a0f143c0,0x00000000a4580000)
 Metaspace       used 34504K, capacity 35176K, committed 35416K, reserved 1079296K
  class space    used 4693K, capacity 4970K, committed 4992K, reserved 1048576K
Event: 11.142 GC heap after
Heap after GC invocations=8 (full 1):
 PSYoungGen      total 71680K, used 9344K [0x00000000e0000000, 0x00000000e6000000, 0x0000000100000000)
  eden space 60416K, 0% used [0x00000000e0000000,0x00000000e0000000,0x00000000e3b00000)
  from space 11264K, 82% used [0x00000000e3b00000,0x00000000e44202d8,0x00000000e4600000)
  to   space 11776K, 0% used [0x00000000e5480000,0x00000000e5480000,0x00000000e6000000)
 ParOldGen       total 71168K, used 15448K [0x00000000a0000000, 0x00000000a4580000, 0x00000000e0000000)
  object space 71168K, 21% used [0x00000000a0000000,0x00000000a0f163c0,0x00000000a4580000)
 Metaspace       used 34504K, capacity 35176K, committed 35416K, reserved 1079296K
  class space    used 4693K, capacity 4970K, committed 4992K, reserved 1048576K
}
Event: 11.142 GC heap before
{Heap before GC invocations=9 (full 2):
 PSYoungGen      total 71680K, used 9344K [0x00000000e0000000, 0x00000000e6000000, 0x0000000100000000)
  eden space 60416K, 0% used [0x00000000e0000000,0x00000000e0000000,0x00000000e3b00000)
  from space 11264K, 82% used [0x00000000e3b00000,0x00000000e44202d8,0x00000000e4600000)
  to   space 11776K, 0% used [0x00000000e5480000,0x00000000e5480000,0x00000000e6000000)
 ParOldGen       total 71168K, used 15448K [0x00000000a0000000, 0x00000000a4580000, 0x00000000e0000000)
  object space 71168K, 21% used [0x00000000a0000000,0x00000000a0f163c0,0x00000000a4580000)
 Metaspace       used 34504K, capacity 35176K, committed 35416K, reserved 1079296K
  class space    used 4693K, capacity 4970K, committed 4992K, reserved 1048576K
Event: 11.263 GC heap after
Heap after GC invocations=9 (full 2):
 PSYoungGen      total 71680K, used 0K [0x00000000e0000000, 0x00000000e6000000, 0x0000000100000000)
  eden space 60416K, 0% used [0x00000000e0000000,0x00000000e0000000,0x00000000e3b00000)
  from space 11264K, 0% used [0x00000000e3b00000,0x00000000e3b00000,0x00000000e4600000)
  to   space 11776K, 0% used [0x00000000e5480000,0x00000000e5480000,0x00000000e6000000)
 ParOldGen       total 122368K, used 16617K [0x00000000a0000000, 0x00000000a7780000, 0x00000000e0000000)
  object space 122368K, 13% used [0x00000000a0000000,0x00000000a103a5c0,0x00000000a7780000)
 Metaspace       used 34504K, capacity 35176K, committed 35416K, reserved 1079296K
  class space    used 4693K, capacity 4970K, committed 4992K, reserved 1048576K
}

