# JRE version: OpenJDK Runtime Environment (8.0_152-b01) (build 1.8.0_152-release-915-b01)
# Java VM: OpenJDK 64-Bit Server VM (25.152-b01 mixed mode windows-amd64 compressed oops)
Heap:
 PSYoungGen      total 121344K, used 81631K [0x00000000e0000000, 0x00000000e9100000, 0x0000000100000000)
  eden space 107520K, 63% used [0x00000000e0000000,0x00000000e4239998,0x00000000e6900000)
  from space 13824K, 99% used [0x00000000e7900000,0x00000000e867e3c0,0x00000000e8680000)
  to   space 16384K, 0% used [0x00000000e6900000,0x00000000e6900000,0x00000000e7900000)
 ParOldGen       total 102912K, used 21016K [0x00000000a0000000, 0x00000000a6480000, 0x00000000e0000000)
  object space 102912K, 20% used [0x00000000a0000000,0x00000000a14863a8,0x00000000a6480000)
 Metaspace       used 53666K, capacity 55470K, committed 55680K, reserved 1097728K
  class space    used 7302K, capacity 7798K, committed 7808K, reserved 1048576K
GC Heap History (10 events):
Event: 10.184 GC heap before
{Heap before GC invocations=10 (full 1):
 PSYoungGen      total 83968K, used 33682K [0x00000000e0000000, 0x00000000e5e00000, 0x0000000100000000)
  eden space 73728K, 35% used [0x00000000e0000000,0x00000000e1992c50,0x00000000e4800000)
  from space 10240K, 73% used [0x00000000e5400000,0x00000000e5b51e70,0x00000000e5e00000)
  to   space 11264K, 0% used [0x00000000e4800000,0x00000000e4800000,0x00000000e5300000)
 ParOldGen       total 65024K, used 8821K [0x00000000a0000000, 0x00000000a3f80000, 0x00000000e0000000)
  object space 65024K, 13% used [0x00000000a0000000,0x00000000a089d720,0x00000000a3f80000)
 Metaspace       used 34482K, capacity 35176K, committed 35416K, reserved 1079296K
  class space    used 4703K, capacity 4970K, committed 4992K, reserved 1048576K
Event: 10.203 GC heap after
Heap after GC invocations=10 (full 1):
 PSYoungGen      total 84992K, used 10347K [0x00000000e0000000, 0x00000000e7880000, 0x0000000100000000)
  eden space 73728K, 0% used [0x00000000e0000000,0x00000000e0000000,0x00000000e4800000)
  from space 11264K, 91% used [0x00000000e4800000,0x00000000e521af10,0x00000000e5300000)
  to   space 12288K, 0% used [0x00000000e6c80000,0x00000000e6c80000,0x00000000e7880000)
 ParOldGen       total 65024K, used 8829K [0x00000000a0000000, 0x00000000a3f80000, 0x00000000e0000000)
  object space 65024K, 13% used [0x00000000a0000000,0x00000000a089f720,0x00000000a3f80000)
 Metaspace       used 34482K, capacity 35176K, committed 35416K, reserved 1079296K
  class space    used 4703K, capacity 4970K, committed 4992K, reserved 1048576K
}
Event: 10.203 GC heap before
{Heap before GC invocations=11 (full 2):
 PSYoungGen      total 84992K, used 10347K [0x00000000e0000000, 0x00000000e7880000, 0x0000000100000000)
  eden space 73728K, 0% used [0x00000000e0000000,0x00000000e0000000,0x00000000e4800000)
  from space 11264K, 91% used [0x00000000e4800000,0x00000000e521af10,0x00000000e5300000)
  to   space 12288K, 0% used [0x00000000e6c80000,0x00000000e6c80000,0x00000000e7880000)
 ParOldGen       total 65024K, used 8829K [0x00000000a0000000, 0x00000000a3f80000, 0x00000000e0000000)
  object space 65024K, 13% used [0x00000000a0000000,0x00000000a089f720,0x00000000a3f80000)
 Metaspace       used 34482K, capacity 35176K, committed 35416K, reserved 1079296K
  class space    used 4703K, capacity 4970K, committed 4992K, reserved 1048576K
Event: 10.364 GC heap after
Heap after GC invocations=11 (full 2):
 PSYoungGen      total 84992K, used 0K [0x00000000e0000000, 0x00000000e7880000, 0x0000000100000000)
  eden space 73728K, 0% used [0x00000000e0000000,0x00000000e0000000,0x00000000e4800000)
  from space 11264K, 0% used [0x00000000e4800000,0x00000000e4800000,0x00000000e5300000)
  to   space 12288K, 0% used [0x00000000e6c80000,0x00000000e6c80000,0x00000000e7880000)
 ParOldGen       total 102912K, used 16449K [0x00000000a0000000, 0x00000000a6480000, 0x00000000e0000000)
  object space 102912K, 15% used [0x00000000a0000000,0x00000000a10104d8,0x00000000a6480000)
 Metaspace       used 34482K, capacity 35176K, committed 35416K, reserved 1079296K
  class space    used 4703K, capacity 4970K, committed 4992K, reserved 1048576K
}
Event: 11.970 GC heap before
{Heap before GC invocations=12 (full 2):
 PSYoungGen      total 84992K, used 73728K [0x00000000e0000000, 0x00000000e7880000, 0x0000000100000000)
  eden space 73728K, 100% used [0x00000000e0000000,0x00000000e4800000,0x00000000e4800000)
  from space 11264K, 0% used [0x00000000e4800000,0x00000000e4800000,0x00000000e5300000)
  to   space 12288K, 0% used [0x00000000e6c80000,0x00000000e6c80000,0x00000000e7880000)
 ParOldGen       total 102912K, used 16449K [0x00000000a0000000, 0x00000000a6480000, 0x00000000e0000000)
  object space 102912K, 15% used [0x00000000a0000000,0x00000000a10104d8,0x00000000a6480000)
 Metaspace       used 40806K, capacity 41614K, committed 41984K, reserved 1085440K
  class space    used 5466K, capacity 5788K, committed 5888K, reserved 1048576K
Event: 11.984 GC heap after
Heap after GC invocations=12 (full 2):
 PSYoungGen      total 97280K, used 6852K [0x00000000e0000000, 0x00000000e7380000, 0x0000000100000000)
  eden space 90112K, 0% used [0x00000000e0000000,0x00000000e0000000,0x00000000e5800000)
  from space 7168K, 95% used [0x00000000e6c80000,0x00000000e73310f0,0x00000000e7380000)
  to   space 11776K, 0% used [0x00000000e5c80000,0x00000000e5c80000,0x00000000e6800000)
 ParOldGen       total 102912K, used 16457K [0x00000000a0000000, 0x00000000a6480000, 0x00000000e0000000)
  object space 102912K, 15% used [0x00000000a0000000,0x00000000a10124d8,0x00000000a6480000)
 Metaspace       used 40806K, capacity 41614K, committed 41984K, reserved 1085440K
  class space    used 5466K, capacity 5788K, committed 5888K, reserved 1048576K
}
Event: 13.905 GC heap before
{Heap before GC invocations=13 (full 2):
 PSYoungGen      total 97280K, used 96964K [0x00000000e0000000, 0x00000000e7380000, 0x0000000100000000)
  eden space 90112K, 100% used [0x00000000e0000000,0x00000000e5800000,0x00000000e5800000)
  from space 7168K, 95% used [0x00000000e6c80000,0x00000000e73310f0,0x00000000e7380000)
  to   space 11776K, 0% used [0x00000000e5c80000,0x00000000e5c80000,0x00000000e6800000)
 ParOldGen       total 102912K, used 16457K [0x00000000a0000000, 0x00000000a6480000, 0x00000000e0000000)
  object space 102912K, 15% used [0x00000000a0000000,0x00000000a10124d8,0x00000000a6480000)
 Metaspace       used 47395K, capacity 48528K, committed 48768K, reserved 1091584K
  class space    used 6369K, capacity 6756K, committed 6784K, reserved 1048576K
Event: 13.927 GC heap after
Heap after GC invocations=13 (full 2):
 PSYoungGen      total 106496K, used 11766K [0x00000000e0000000, 0x00000000e8680000, 0x0000000100000000)
  eden space 94720K, 0% used [0x00000000e0000000,0x00000000e0000000,0x00000000e5c80000)
  from space 11776K, 99% used [0x00000000e5c80000,0x00000000e67fdbe8,0x00000000e6800000)
  to   space 13824K, 0% used [0x00000000e7900000,0x00000000e7900000,0x00000000e8680000)
 ParOldGen       total 102912K, used 18623K [0x00000000a0000000, 0x00000000a6480000, 0x00000000e0000000)
  object space 102912K, 18% used [0x00000000a0000000,0x00000000a122fcf0,0x00000000a6480000)
 Metaspace       used 47395K, capacity 48528K, committed 48768K, reserved 1091584K
  class space    used 6369K, capacity 6756K, committed 6784K, reserved 1048576K
}
Event: 15.428 GC heap before
{Heap before GC invocations=14 (full 2):
 PSYoungGen      total 106496K, used 106486K [0x00000000e0000000, 0x00000000e8680000, 0x0000000100000000)
  eden space 94720K, 100% used [0x00000000e0000000,0x00000000e5c80000,0x00000000e5c80000)
  from space 11776K, 99% used [0x00000000e5c80000,0x00000000e67fdbe8,0x00000000e6800000)
  to   space 13824K, 0% used [0x00000000e7900000,0x00000000e7900000,0x00000000e8680000)
 ParOldGen       total 102912K, used 18623K [0x00000000a0000000, 0x00000000a6480000, 0x00000000e0000000)
  object space 102912K, 18% used [0x00000000a0000000,0x00000000a122fcf0,0x00000000a6480000)
 Metaspace       used 50153K, capacity 51602K, committed 51840K, reserved 1093632K
  class space    used 6723K, capacity 7181K, committed 7296K, reserved 1048576K
Event: 15.447 GC heap after
Heap after GC invocations=14 (full 2):
 PSYoungGen      total 121344K, used 13816K [0x00000000e0000000, 0x00000000e9100000, 0x0000000100000000)
  eden space 107520K, 0% used [0x00000000e0000000,0x00000000e0000000,0x00000000e6900000)
  from space 13824K, 99% used [0x00000000e7900000,0x00000000e867e3c0,0x00000000e8680000)
  to   space 16384K, 0% used [0x00000000e6900000,0x00000000e6900000,0x00000000e7900000)
 ParOldGen       total 102912K, used 21016K [0x00000000a0000000, 0x00000000a6480000, 0x00000000e0000000)
  object space 102912K, 20% used [0x00000000a0000000,0x00000000a14863a8,0x00000000a6480000)
 Metaspace       used 50153K, capacity 51602K, committed 51840K, reserved 1093632K
  class space    used 6723K, capacity 7181K, committed 7296K, reserved 1048576K
}

